<?xml version="1.0" encoding="UTF-8"?>
<testng-results ignored="0" total="1" passed="1" failed="0" skipped="0">
  <reporter-output>
  </reporter-output>
  <suite started-at="2023-04-14T15:48:36 IST" name="Suite" finished-at="2023-04-14T15:49:26 IST" duration-ms="50471">
    <groups>
    </groups>
    <test started-at="2023-04-14T15:48:36 IST" name="Testng" finished-at="2023-04-14T15:49:26 IST" duration-ms="50471">
      <class name="com.servicepoints.testCases.TC16_VerifyUpdateQuotation">
        <test-method is-config="true" signature="setup(java.lang.String)[pri:0, instance:com.servicepoints.testCases.TC16_VerifyUpdateQuotation@3faf2e7d]" started-at="2023-04-14T15:48:36 IST" name="setup" finished-at="2023-04-14T15:48:43 IST" duration-ms="7466" status="PASS">
          <params>
            <param index="0">
              <value>
                <![CDATA[chrome]]>
              </value>
            </param>
          </params>
          <reporter-output>
          </reporter-output>
        </test-method> <!-- setup -->
        <test-method signature="verifyUpdateQuotation()[pri:0, instance:com.servicepoints.testCases.TC16_VerifyUpdateQuotation@3faf2e7d]" started-at="2023-04-14T15:48:43 IST" name="verifyUpdateQuotation" finished-at="2023-04-14T15:49:26 IST" duration-ms="42768" status="PASS">
          <reporter-output>
          </reporter-output>
        </test-method> <!-- verifyUpdateQuotation -->
        <test-method is-config="true" signature="tearDown()[pri:0, instance:com.servicepoints.testCases.TC16_VerifyUpdateQuotation@3faf2e7d]" started-at="2023-04-14T15:49:26 IST" name="tearDown" finished-at="2023-04-14T15:49:26 IST" duration-ms="78" status="PASS">
          <reporter-output>
          </reporter-output>
        </test-method> <!-- tearDown -->
      </class> <!-- com.servicepoints.testCases.TC16_VerifyUpdateQuotation -->
    </test> <!-- Testng -->
  </suite> <!-- Suite -->
</testng-results>
